#
# There is insufficient memory for the Java Runtime Environment to continue.
# Native memory allocation (malloc) failed to allocate 32744 bytes for ChunkPool::allocate
# Possible reasons:
#   The system is out of physical RAM or swap space
#   The process is running with CompressedOops enabled, and the Java Heap may be blocking the growth of the native heap
# Possible solutions:
#   Reduce memory load on the system
#   Increase physical memory or swap space
#   Check if swap backing store is full
#   Decrease Java heap size (-Xmx/-Xms)
#   Decrease number of Java threads
#   Decrease Java thread stack sizes (-Xss)
#   Set larger code cache with -XX:ReservedCodeCacheSize=
#   JVM is running with Unscaled Compressed Oops mode in which the Java heap is
#     placed in the first 4GB address space. The Java Heap base address is the
#     maximum limit for the native heap growth. Please use -XX:HeapBaseMinAddress
#     to set the Java Heap base and to place the Java Heap above 4GB virtual address.
# This output file may be truncated or incomplete.
#
#  Out of Memory Error (allocation.cpp:272), pid=9500, tid=0x00000000000017e4
#
# JRE version: OpenJDK Runtime Environment (8.0_242-b01) (build 1.8.0_242-release-1644-b01)
# Java VM: OpenJDK 64-Bit Server VM (25.242-b01 mixed mode windows-amd64 compressed oops)
# Failed to write core dump. Minidumps are not enabled by default on client versions of Windows
#

---------------  T H R E A D  ---------------

Current thread (0x0000000017b42800):  JavaThread "C2 CompilerThread0" daemon [_thread_in_native, id=6116, stack(0x00000000191a0000,0x00000000192a0000)]

Stack: [0x00000000191a0000,0x00000000192a0000]
[error occurred during error reporting (printing stack bounds), id 0xc0000005]

Native frames: (J=compiled Java code, j=interpreted, Vv=VM code, C=native code)


Current CompileTask:
C2:  25805 1519   !   4       java.net.URLClassLoader$1::run (63 bytes)


---------------  P R O C E S S  ---------------

Java Threads: ( => current thread )
  0x000000001afbc000 JavaThread "Thread-9" [_thread_blocked, id=8412, stack(0x000000001c450000,0x000000001c550000)]
  0x000000001afb9000 JavaThread "Stdin handler" [_thread_blocked, id=676, stack(0x000000001c350000,0x000000001c450000)]
  0x000000001afb8000 JavaThread "Asynchronous log dispatcher for DefaultDaemonConnection: socket connection from /127.0.0.1:52799 to /127.0.0.1:52800" [_thread_blocked, id=4544, stack(0x000000001c250000,0x000000001c350000)]
  0x000000001afc0800 JavaThread "Daemon worker" [_thread_in_vm, id=9364, stack(0x000000001c150000,0x000000001c250000)]
  0x000000001afbf800 JavaThread "Cancel handler" [_thread_blocked, id=4472, stack(0x000000001c050000,0x000000001c150000)]
  0x000000001aef3800 JavaThread "Handler for socket connection from /127.0.0.1:52799 to /127.0.0.1:52800" [_thread_in_native, id=11728, stack(0x000000001bd50000,0x000000001be50000)]
  0x000000001aef0800 JavaThread "Daemon" [_thread_blocked, id=2284, stack(0x000000001bc50000,0x000000001bd50000)]
  0x000000001aed7000 JavaThread "Daemon periodic checks" [_thread_blocked, id=4716, stack(0x000000001bb50000,0x000000001bc50000)]
  0x000000001abbe000 JavaThread "Incoming local TCP Connector on port 52799" [_thread_in_native, id=6812, stack(0x0000000019bc0000,0x0000000019cc0000)]
  0x000000001a5fc800 JavaThread "Daemon health stats" [_thread_blocked, id=6600, stack(0x0000000019aa0000,0x0000000019ba0000)]
  0x00000000194d0800 JavaThread "Service Thread" daemon [_thread_blocked, id=4580, stack(0x00000000198a0000,0x00000000199a0000)]
  0x0000000017b4e800 JavaThread "C1 CompilerThread2" daemon [_thread_blocked, id=5156, stack(0x00000000193a0000,0x00000000194a0000)]
  0x0000000017b4b000 JavaThread "C2 CompilerThread1" daemon [_thread_in_native, id=10632, stack(0x00000000192a0000,0x00000000193a0000)]
=>0x0000000017b42800 JavaThread "C2 CompilerThread0" daemon [_thread_in_native, id=6116, stack(0x00000000191a0000,0x00000000192a0000)]
  0x0000000017b41800 JavaThread "Attach Listener" daemon [_thread_blocked, id=10724, stack(0x00000000190a0000,0x00000000191a0000)]
  0x0000000017b48000 JavaThread "Signal Dispatcher" daemon [_thread_blocked, id=6088, stack(0x0000000018fa0000,0x00000000190a0000)]
  0x0000000002eec000 JavaThread "Finalizer" daemon [_thread_blocked, id=2968, stack(0x0000000018d90000,0x0000000018e90000)]
  0x0000000017b29000 JavaThread "Reference Handler" daemon [_thread_blocked, id=3936, stack(0x0000000018c90000,0x0000000018d90000)]
  0x00000000013ad800 JavaThread "main" [_thread_blocked, id=660, stack(0x0000000002cf0000,0x0000000002df0000)]

Other Threads:
  0x0000000017b05000 VMThread [stack: 0x0000000018b90000,0x0000000018c90000] [id=2588]
  0x00000000194d9000 WatcherThread [stack: 0x00000000199a0000,0x0000000019aa0000] [id=3120]

VM state:not at safepoint (normal execution)

VM Mutex/Monitor currently owned by a thread: None

heap address: 0x0000000080000000, size: 2048 MB, Compressed Oops mode: 32-bit
Narrow klass base: 0x0000000000000000, Narrow klass shift: 3
Compressed class space size: 1073741824 Address: 0x0000000100000000

Heap:
 PSYoungGen      total 35328K, used 29100K [0x00000000d5580000, 0x00000000d7a80000, 0x0000000100000000)
  eden space 32768K, 80% used [0x00000000d5580000,0x00000000d6f6b138,0x00000000d7580000)
  from space 2560K, 100% used [0x00000000d7580000,0x00000000d7800000,0x00000000d7800000)
  to   space 2560K, 0% used [0x00000000d7800000,0x00000000d7800000,0x00000000d7a80000)
 ParOldGen       total 44032K, used 5354K [0x0000000080000000, 0x0000000082b00000, 0x00000000d5580000)
  object space 44032K, 12% used [0x0000000080000000,0x000000008053a890,0x0000000082b00000)
 Metaspace       used 14649K, capacity 15122K, committed 15488K, reserved 1062912K
  class space    used 1940K, capacity 2093K, committed 2176K, reserved 1048576K

Card table byte_map: [0x00000000122b0000,0x00000000126c0000] byte_map_base: 0x0000000011eb0000

Marking Bits: (ParMarkBitMap*) 0x000000006025f030
 Begin Bits: [0x0000000012d70000, 0x0000000014d70000)
 End Bits:   [0x0000000014d70000, 0x0000000016d70000)

Polling page: 0x0000000002c90000

CodeCache: size=245760Kb used=4973Kb max_used=5023Kb free=240786Kb
 bounds [0x0000000002ef0000, 0x00000000033e0000, 0x0000000011ef0000]
 total_blobs=1774 nmethods=1390 adapters=297
 compilation: enabled

Compilation events (10 events):
Event: 25.693 Thread 0x0000000017b4e800 1514       3       java.lang.String::subSequence (7 bytes)
Event: 25.693 Thread 0x0000000017b4e800 nmethod 1514 0x00000000030dea50 code [0x00000000030debc0, 0x00000000030dedc8]
Event: 25.695 Thread 0x0000000017b4e800 1515       1       java.util.TreeMap$Entry::getKey (5 bytes)
Event: 25.696 Thread 0x0000000017b4e800 nmethod 1515 0x0000000003003e10 code [0x0000000003003f60, 0x0000000003004070]
Event: 25.696 Thread 0x0000000017b4e800 1516       1       java.util.TreeMap::access$100 (5 bytes)
Event: 25.697 Thread 0x0000000017b4e800 nmethod 1516 0x00000000030dac10 code [0x00000000030dad60, 0x00000000030dae50]
Event: 25.725 Thread 0x0000000017b42800 1517   !   4       java.net.URLClassLoader::findClass (47 bytes)
Event: 25.725 Thread 0x0000000017b4b000 1518       4       java.net.URLClassLoader$1::run (5 bytes)
Event: 25.730 Thread 0x0000000017b42800 nmethod 1517 0x00000000030a9510 code [0x00000000030a96a0, 0x00000000030a9898]
Event: 25.730 Thread 0x0000000017b42800 1519   !   4       java.net.URLClassLoader$1::run (63 bytes)

GC Heap History (10 events):
Event: 6.641 GC heap before
{Heap before GC invocations=1 (full 0):
 PSYoungGen      total 18944K, used 16384K [0x00000000d5580000, 0x00000000d6a80000, 0x0000000100000000)
  eden space 16384K, 100% used [0x00000000d5580000,0x00000000d6580000,0x00000000d6580000)
  from space 2560K, 0% used [0x00000000d6800000,0x00000000d6800000,0x00000000d6a80000)
  to   space 2560K, 0% used [0x00000000d6580000,0x00000000d6580000,0x00000000d6800000)
 ParOldGen       total 44032K, used 0K [0x0000000080000000, 0x0000000082b00000, 0x00000000d5580000)
  object space 44032K, 0% used [0x0000000080000000,0x0000000080000000,0x0000000082b00000)
 Metaspace       used 6013K, capacity 6258K, committed 6528K, reserved 1056768K
  class space    used 704K, capacity 808K, committed 896K, reserved 1048576K
Event: 6.660 GC heap after
Heap after GC invocations=1 (full 0):
 PSYoungGen      total 18944K, used 2373K [0x00000000d5580000, 0x00000000d6a80000, 0x0000000100000000)
  eden space 16384K, 0% used [0x00000000d5580000,0x00000000d5580000,0x00000000d6580000)
  from space 2560K, 92% used [0x00000000d6580000,0x00000000d67d15d8,0x00000000d6800000)
  to   space 2560K, 0% used [0x00000000d6800000,0x00000000d6800000,0x00000000d6a80000)
 ParOldGen       total 44032K, used 31K [0x0000000080000000, 0x0000000082b00000, 0x00000000d5580000)
  object space 44032K, 0% used [0x0000000080000000,0x0000000080007c40,0x0000000082b00000)
 Metaspace       used 6013K, capacity 6258K, committed 6528K, reserved 1056768K
  class space    used 704K, capacity 808K, committed 896K, reserved 1048576K
}
Event: 9.708 GC heap before
{Heap before GC invocations=2 (full 0):
 PSYoungGen      total 18944K, used 18757K [0x00000000d5580000, 0x00000000d6a80000, 0x0000000100000000)
  eden space 16384K, 100% used [0x00000000d5580000,0x00000000d6580000,0x00000000d6580000)
  from space 2560K, 92% used [0x00000000d6580000,0x00000000d67d15d8,0x00000000d6800000)
  to   space 2560K, 0% used [0x00000000d6800000,0x00000000d6800000,0x00000000d6a80000)
 ParOldGen       total 44032K, used 31K [0x0000000080000000, 0x0000000082b00000, 0x00000000d5580000)
  object space 44032K, 0% used [0x0000000080000000,0x0000000080007c40,0x0000000082b00000)
 Metaspace       used 7560K, capacity 7770K, committed 8064K, reserved 1056768K
  class space    used 925K, capacity 1034K, committed 1152K, reserved 1048576K
Event: 9.726 GC heap after
Heap after GC invocations=2 (full 0):
 PSYoungGen      total 18944K, used 2531K [0x00000000d5580000, 0x00000000d6a80000, 0x0000000100000000)
  eden space 16384K, 0% used [0x00000000d5580000,0x00000000d5580000,0x00000000d6580000)
  from space 2560K, 98% used [0x00000000d6800000,0x00000000d6a78e80,0x00000000d6a80000)
  to   space 2560K, 0% used [0x00000000d6580000,0x00000000d6580000,0x00000000d6800000)
 ParOldGen       total 44032K, used 1092K [0x0000000080000000, 0x0000000082b00000, 0x00000000d5580000)
  object space 44032K, 2% used [0x0000000080000000,0x00000000801112f0,0x0000000082b00000)
 Metaspace       used 7560K, capacity 7770K, committed 8064K, reserved 1056768K
  class space    used 925K, capacity 1034K, committed 1152K, reserved 1048576K
}
Event: 12.536 GC heap before
{Heap before GC invocations=3 (full 0):
 PSYoungGen      total 18944K, used 18915K [0x00000000d5580000, 0x00000000d6a80000, 0x0000000100000000)
  eden space 16384K, 100% used [0x00000000d5580000,0x00000000d6580000,0x00000000d6580000)
  from space 2560K, 98% used [0x00000000d6800000,0x00000000d6a78e80,0x00000000d6a80000)
  to   space 2560K, 0% used [0x00000000d6580000,0x00000000d6580000,0x00000000d6800000)
 ParOldGen       total 44032K, used 1092K [0x0000000080000000, 0x0000000082b00000, 0x00000000d5580000)
  object space 44032K, 2% used [0x0000000080000000,0x00000000801112f0,0x0000000082b00000)
 Metaspace       used 7590K, capacity 7834K, committed 8064K, reserved 1056768K
  class space    used 925K, capacity 1034K, committed 1152K, reserved 1048576K
Event: 12.674 GC heap after
Heap after GC invocations=3 (full 0):
 PSYoungGen      total 18944K, used 2272K [0x00000000d5580000, 0x00000000d7a80000, 0x0000000100000000)
  eden space 16384K, 0% used [0x00000000d5580000,0x00000000d5580000,0x00000000d6580000)
  from space 2560K, 88% used [0x00000000d6580000,0x00000000d67b8020,0x00000000d6800000)
  to   space 2560K, 0% used [0x00000000d7800000,0x00000000d7800000,0x00000000d7a80000)
 ParOldGen       total 44032K, used 1100K [0x0000000080000000, 0x0000000082b00000, 0x00000000d5580000)
  object space 44032K, 2% used [0x0000000080000000,0x00000000801132f0,0x0000000082b00000)
 Metaspace       used 7590K, capacity 7834K, committed 8064K, reserved 1056768K
  class space    used 925K, capacity 1034K, committed 1152K, reserved 1048576K
}
Event: 16.644 GC heap before
{Heap before GC invocations=4 (full 0):
 PSYoungGen      total 18944K, used 18656K [0x00000000d5580000, 0x00000000d7a80000, 0x0000000100000000)
  eden space 16384K, 100% used [0x00000000d5580000,0x00000000d6580000,0x00000000d6580000)
  from space 2560K, 88% used [0x00000000d6580000,0x00000000d67b8020,0x00000000d6800000)
  to   space 2560K, 0% used [0x00000000d7800000,0x00000000d7800000,0x00000000d7a80000)
 ParOldGen       total 44032K, used 1100K [0x0000000080000000, 0x0000000082b00000, 0x00000000d5580000)
  object space 44032K, 2% used [0x0000000080000000,0x00000000801132f0,0x0000000082b00000)
 Metaspace       used 7786K, capacity 8082K, committed 8320K, reserved 1056768K
  class space    used 952K, capacity 1074K, committed 1152K, reserved 1048576K
Event: 16.653 GC heap after
Heap after GC invocations=4 (full 0):
 PSYoungGen      total 35328K, used 2544K [0x00000000d5580000, 0x00000000d7a80000, 0x0000000100000000)
  eden space 32768K, 0% used [0x00000000d5580000,0x00000000d5580000,0x00000000d7580000)
  from space 2560K, 99% used [0x00000000d7800000,0x00000000d7a7c010,0x00000000d7a80000)
  to   space 2560K, 0% used [0x00000000d7580000,0x00000000d7580000,0x00000000d7800000)
 ParOldGen       total 44032K, used 1804K [0x0000000080000000, 0x0000000082b00000, 0x00000000d5580000)
  object space 44032K, 4% used [0x0000000080000000,0x00000000801c3290,0x0000000082b00000)
 Metaspace       used 7786K, capacity 8082K, committed 8320K, reserved 1056768K
  class space    used 952K, capacity 1074K, committed 1152K, reserved 1048576K
}
Event: 24.867 GC heap before
{Heap before GC invocations=5 (full 0):
 PSYoungGen      total 35328K, used 35312K [0x00000000d5580000, 0x00000000d7a80000, 0x0000000100000000)
  eden space 32768K, 100% used [0x00000000d5580000,0x00000000d7580000,0x00000000d7580000)
  from space 2560K, 99% used [0x00000000d7800000,0x00000000d7a7c010,0x00000000d7a80000)
  to   space 2560K, 0% used [0x00000000d7580000,0x00000000d7580000,0x00000000d7800000)
 ParOldGen       total 44032K, used 1804K [0x0000000080000000, 0x0000000082b00000, 0x00000000d5580000)
  object space 44032K, 4% used [0x0000000080000000,0x00000000801c3290,0x0000000082b00000)
 Metaspace       used 12203K, capacity 12496K, committed 12800K, reserved 1060864K
  class space    used 1624K, capacity 1734K, committed 1792K, reserved 1048576K
Event: 24.884 GC heap after
Heap after GC invocations=5 (full 0):
 PSYoungGen      total 35328K, used 2560K [0x00000000d5580000, 0x00000000d7a80000, 0x0000000100000000)
  eden space 32768K, 0% used [0x00000000d5580000,0x00000000d5580000,0x00000000d7580000)
  from space 2560K, 100% used [0x00000000d7580000,0x00000000d7800000,0x00000000d7800000)
  to   space 2560K, 0% used [0x00000000d7800000,0x00000000d7800000,0x00000000d7a80000)
 ParOldGen       total 44032K, used 5354K [0x0000000080000000, 0x0000000082b00000, 0x00000000d5580000)
  object space 44032K, 12% used [0x0000000080000000,0x000000008053a890,0x0000000082b00000)
 Metaspace       used 12203K, capacity 12496K, committed 12800K, reserved 1060864K
  class space    used 1624K, capacity 1734K, committed 1792K, reserved 1048576K
}

Deoptimization events (10 events):
Event: 24.641 Thread 0x000000001aef3800 Uncommon trap: reason=unstable_if action=reinterpret pc=0x000000000332a71c method=java.util.concurrent.ConcurrentHashMap.putVal(Ljava/lang/Object;Ljava/lang/Object;Z)Ljava/lang/Object; @ 206
Event: 24.700 Thread 0x000000001aef3800 Uncommon trap: reason=unstable_if action=reinterpret pc=0x0000000003256b94 method=java.lang.String.substring(I)Ljava/lang/String; @ 35
Event: 24.819 Thread 0x000000001afc0800 Uncommon trap: reason=bimorphic action=maybe_recompile pc=0x00000000031de44c method=java.util.HashMap.putVal(ILjava/lang/Object;Ljava/lang/Object;ZZ)Ljava/lang/Object; @ 253
Event: 24.819 Thread 0x000000001afc0800 Uncommon trap: reason=bimorphic action=maybe_recompile pc=0x00000000031de44c method=java.util.HashMap.putVal(ILjava/lang/Object;Ljava/lang/Object;ZZ)Ljava/lang/Object; @ 253
Event: 24.819 Thread 0x000000001afc0800 Uncommon trap: reason=bimorphic action=maybe_recompile pc=0x00000000031de44c method=java.util.HashMap.putVal(ILjava/lang/Object;Ljava/lang/Object;ZZ)Ljava/lang/Object; @ 253
Event: 24.819 Thread 0x000000001afc0800 Uncommon trap: reason=bimorphic action=maybe_recompile pc=0x00000000031e52dc method=java.util.HashMap.putVal(ILjava/lang/Object;Ljava/lang/Object;ZZ)Ljava/lang/Object; @ 253
Event: 25.581 Thread 0x000000001afc0800 Uncommon trap: reason=class_check action=maybe_recompile pc=0x000000000325c818 method=java.util.regex.Matcher.match(II)Z @ 86
Event: 25.583 Thread 0x000000001afc0800 Uncommon trap: reason=class_check action=maybe_recompile pc=0x000000000325c818 method=java.util.regex.Matcher.match(II)Z @ 86
Event: 25.583 Thread 0x000000001afc0800 Uncommon trap: reason=class_check action=maybe_recompile pc=0x000000000325c818 method=java.util.regex.Matcher.match(II)Z @ 86
Event: 25.583 Thread 0x000000001afc0800 Uncommon trap: reason=class_check action=maybe_recompile pc=0x00000000030c641c method=java.util.regex.Matcher.match(II)Z @ 86

Classes redefined (0 events):
No events

Internal exceptions (10 events):
Event: 24.648 Thread 0x000000001aef3800 Exception <a 'java/lang/NoSuchMethodError': <clinit>> (0x00000000d71ed198) thrown at [C:\src\AOSP-openjdk-git\hotspot\src\share\vm\prims\jni.cpp, line 1615]
Event: 24.654 Thread 0x000000001aef3800 Exception <a 'java/lang/NoSuchMethodError': <clinit>> (0x00000000d7202718) thrown at [C:\src\AOSP-openjdk-git\hotspot\src\share\vm\prims\jni.cpp, line 1615]
Event: 24.665 Thread 0x000000001aef3800 Exception <a 'java/lang/NoSuchMethodError': <clinit>> (0x00000000d72150e0) thrown at [C:\src\AOSP-openjdk-git\hotspot\src\share\vm\prims\jni.cpp, line 1615]
Event: 24.673 Thread 0x000000001aef3800 Exception <a 'java/lang/NoSuchMethodError': <clinit>> (0x00000000d723bdf8) thrown at [C:\src\AOSP-openjdk-git\hotspot\src\share\vm\prims\jni.cpp, line 1615]
Event: 24.679 Thread 0x000000001aef3800 Exception <a 'java/lang/NoSuchMethodError': <clinit>> (0x00000000d7253a38) thrown at [C:\src\AOSP-openjdk-git\hotspot\src\share\vm\prims\jni.cpp, line 1615]
Event: 24.681 Thread 0x000000001aef3800 Exception <a 'java/lang/NoSuchMethodError': <clinit>> (0x00000000d725c5d8) thrown at [C:\src\AOSP-openjdk-git\hotspot\src\share\vm\prims\jni.cpp, line 1615]
Event: 24.688 Thread 0x000000001aef3800 Exception <a 'java/lang/NoSuchMethodError': <clinit>> (0x00000000d7272a30) thrown at [C:\src\AOSP-openjdk-git\hotspot\src\share\vm\prims\jni.cpp, line 1615]
Event: 24.719 Thread 0x000000001aef3800 Exception <a 'java/lang/NoSuchMethodError': <clinit>> (0x00000000d72d9f40) thrown at [C:\src\AOSP-openjdk-git\hotspot\src\share\vm\prims\jni.cpp, line 1615]
Event: 24.732 Thread 0x000000001aef3800 Exception <a 'java/lang/NoSuchMethodError': <clinit>> (0x00000000d7306600) thrown at [C:\src\AOSP-openjdk-git\hotspot\src\share\vm\prims\jni.cpp, line 1615]
Event: 24.746 Thread 0x000000001aef3800 Exception <a 'java/lang/NoSuchMethodError': <clinit>> (0x00000000d7323130) thrown at [C:\src\AOSP-openjdk-git\hotspot\src\share\vm\prims\jni.cpp, line 1615]

Events (10 events):
Event: 25.725 loading class kotlin/collections/CollectionsKt__CollectionsJVMKt
Event: 25.725 loading class kotlin/collections/CollectionsKt__CollectionsJVMKt done
Event: 25.730 loading class kotlin/TypeCastException
Event: 25.730 loading class kotlin/TypeCastException done
Event: 25.732 loading class kotlin/collections/ArraysKt
Event: 25.732 loading class kotlin/collections/ArraysKt done
Event: 25.737 loading class kotlin/collections/ArraysKt___ArraysKt
Event: 25.737 loading class kotlin/collections/ArraysKt___ArraysKt done
Event: 25.794 loading class kotlin/collections/ArraysKt___ArraysJvmKt
Event: 25.794 loading class kotlin/collections/ArraysKt___ArraysJvmKt done


Dynamic libraries:
0x00007ff73a3e0000 - 0x00007ff73a411000 	C:\Program Files\Android\Android Studio\jre\bin\java.exe
0x00007ffbb5d10000 - 0x00007ffbb5f05000 	C:\WINDOWS\SYSTEM32\ntdll.dll
0x00007ffbb5b80000 - 0x00007ffbb5c3d000 	C:\WINDOWS\System32\KERNEL32.DLL
0x00007ffbb38c0000 - 0x00007ffbb3b87000 	C:\WINDOWS\System32\KERNELBASE.dll
0x00007ffbb5a60000 - 0x00007ffbb5b0a000 	C:\WINDOWS\System32\ADVAPI32.dll
0x00007ffbb4770000 - 0x00007ffbb480e000 	C:\WINDOWS\System32\msvcrt.dll
0x00007ffbb5530000 - 0x00007ffbb55cb000 	C:\WINDOWS\System32\sechost.dll
0x00007ffbb5240000 - 0x00007ffbb5364000 	C:\WINDOWS\System32\RPCRT4.dll
0x00007ffbb4810000 - 0x00007ffbb49b0000 	C:\WINDOWS\System32\USER32.dll
0x00007ffbb3770000 - 0x00007ffbb3792000 	C:\WINDOWS\System32\win32u.dll
0x00007ffbb5a30000 - 0x00007ffbb5a5a000 	C:\WINDOWS\System32\GDI32.dll
0x00007ffbb3450000 - 0x00007ffbb3559000 	C:\WINDOWS\System32\gdi32full.dll
0x00007ffbb3820000 - 0x00007ffbb38bd000 	C:\WINDOWS\System32\msvcp_win.dll
0x00007ffbb3b90000 - 0x00007ffbb3c90000 	C:\WINDOWS\System32\ucrtbase.dll
0x00007ffba4a20000 - 0x00007ffba4cbb000 	C:\WINDOWS\WinSxS\amd64_microsoft.windows.common-controls_6595b64144ccf1df_6.0.19041.488_none_ca04af081b815d21\COMCTL32.dll
0x00007ffbb55e0000 - 0x00007ffbb5610000 	C:\WINDOWS\System32\IMM32.DLL
0x000000005f8d0000 - 0x000000005f9a2000 	C:\Program Files\Android\Android Studio\jre\jre\bin\msvcr100.dll
0x000000005fa90000 - 0x00000000602db000 	C:\Program Files\Android\Android Studio\jre\jre\bin\server\jvm.dll
0x00007ffbb5520000 - 0x00007ffbb5528000 	C:\WINDOWS\System32\PSAPI.DLL
0x00007ffba21a0000 - 0x00007ffba21c7000 	C:\WINDOWS\SYSTEM32\WINMM.dll
0x00007ffbad4e0000 - 0x00007ffbad4e9000 	C:\WINDOWS\SYSTEM32\WSOCK32.dll
0x00007ffb9d5d0000 - 0x00007ffb9d5da000 	C:\WINDOWS\SYSTEM32\VERSION.dll
0x00007ffbb5b10000 - 0x00007ffbb5b7b000 	C:\WINDOWS\System32\WS2_32.dll
0x00007ffbad4d0000 - 0x00007ffbad4df000 	C:\Program Files\Android\Android Studio\jre\jre\bin\verify.dll
0x00007ffbad4a0000 - 0x00007ffbad4c9000 	C:\Program Files\Android\Android Studio\jre\jre\bin\java.dll
0x00007ffbad480000 - 0x00007ffbad496000 	C:\Program Files\Android\Android Studio\jre\jre\bin\zip.dll
0x00007ffbb4ae0000 - 0x00007ffbb5221000 	C:\WINDOWS\System32\SHELL32.dll
0x00007ffbb1430000 - 0x00007ffbb1bc3000 	C:\WINDOWS\SYSTEM32\windows.storage.dll
0x00007ffbb5670000 - 0x00007ffbb59c5000 	C:\WINDOWS\System32\combase.dll
0x00007ffbb2e50000 - 0x00007ffbb2e7c000 	C:\WINDOWS\SYSTEM32\Wldp.dll
0x00007ffbb4a10000 - 0x00007ffbb4abe000 	C:\WINDOWS\System32\SHCORE.dll
0x00007ffbb49b0000 - 0x00007ffbb4a05000 	C:\WINDOWS\System32\shlwapi.dll
0x00007ffbb3380000 - 0x00007ffbb33a6000 	C:\WINDOWS\SYSTEM32\profapi.dll
0x00007ffbabd80000 - 0x00007ffbabd9a000 	C:\Program Files\Android\Android Studio\jre\jre\bin\net.dll
0x00007ffbb2bd0000 - 0x00007ffbb2c3a000 	C:\WINDOWS\system32\mswsock.dll
0x00007ffba8c30000 - 0x00007ffba8c43000 	C:\Program Files\Android\Android Studio\jre\jre\bin\nio.dll
0x00007ffba64c0000 - 0x00007ffba64e6000 	C:\Users\Марина\.gradle\native\31\windows-amd64\native-platform.dll
0x00007ffbac250000 - 0x00007ffbac25d000 	C:\Program Files\Android\Android Studio\jre\jre\bin\management.dll
0x00007ffbb2db0000 - 0x00007ffbb2dc8000 	C:\WINDOWS\SYSTEM32\CRYPTSP.dll
0x00007ffbb2560000 - 0x00007ffbb2594000 	C:\WINDOWS\system32\rsaenh.dll
0x00007ffbb3d40000 - 0x00007ffbb3d67000 	C:\WINDOWS\System32\bcrypt.dll
0x00007ffbb3340000 - 0x00007ffbb336e000 	C:\WINDOWS\SYSTEM32\USERENV.dll
0x00007ffbb37a0000 - 0x00007ffbb381f000 	C:\WINDOWS\System32\bcryptprimitives.dll
0x00007ffbb2da0000 - 0x00007ffbb2dac000 	C:\WINDOWS\SYSTEM32\CRYPTBASE.dll
0x00007ffbb28c0000 - 0x00007ffbb28fb000 	C:\WINDOWS\SYSTEM32\IPHLPAPI.DLL
0x00007ffbb55d0000 - 0x00007ffbb55d9000 	C:\WINDOWS\System32\NSI.dll
0x00007ffba7c00000 - 0x00007ffba7c17000 	C:\WINDOWS\SYSTEM32\dhcpcsvc6.DLL
0x00007ffba7de0000 - 0x00007ffba7dfd000 	C:\WINDOWS\SYSTEM32\dhcpcsvc.DLL
0x00007ffbb2900000 - 0x00007ffbb29cb000 	C:\WINDOWS\SYSTEM32\DNSAPI.dll

VM Arguments:
jvm_args: -Xmx2048m -Dfile.encoding=windows-1251 -Duser.country=RU -Duser.language=ru -Duser.variant 
java_command: org.gradle.launcher.daemon.bootstrap.GradleDaemon 6.1.1
java_class_path (initial): C:\Users\Марина\.gradle\wrapper\dists\gradle-6.1.1-all\cfmwm155h49vnt3hynmlrsdst\gradle-6.1.1\lib\gradle-launcher-6.1.1.jar
Launcher Type: SUN_STANDARD

Environment Variables:
PATH=C:\Program Files (x86)\Common Files\Oracle\Java\javapath;C:\WINDOWS\system32;C:\WINDOWS;C:\WINDOWS\System32\Wbem;C:\WINDOWS\System32\WindowsPowerShell\v1.0\;C:\WINDOWS\System32\OpenSSH\;C:\Program Files\Git\cmd;C:\Users\Марина\AppData\Local\Microsoft\WindowsApps;C:\android\platform-tools;C:\adb;C:\android\ndk-bundle;;%SystemRoot%\system32;%SystemRoot%;%SystemRoot%\System32\Wbem;%SYSTEMROOT%\System32\WindowsPowerShell\v1.0\;%SYSTEMROOT%\System32\OpenSSH\;C:\Users\Марина\AppData\Local\Microsoft\WindowsApps;C:\android\platform-tools;
USERNAME=Марина
OS=Windows_NT
PROCESSOR_IDENTIFIER=Intel64 Family 6 Model 58 Stepping 9, GenuineIntel



---------------  S Y S T E M  ---------------

OS: Windows 10.0 , 64 bit Build 19041 (10.0.19041.292)

CPU:total 4 (initial active 4) (2 cores per cpu, 2 threads per core) family 6 model 58 stepping 9, cmov, cx8, fxsr, mmx, sse, sse2, sse3, ssse3, sse4.1, sse4.2, popcnt, avx, clmul, erms, ht, tsc, tscinvbit, tscinv

Memory: 4k page, physical 4073348k(242744k free), swap 16656260k(4652k free)

vm_info: OpenJDK 64-Bit Server VM (25.242-b01) for windows-amd64 JRE (1.8.0_242-release-1644-b01), built by "builder" with MS VC++ 10.0 (VS2010)

time: Mon Oct 12 13:38:46 2020
timezone: RTZ 2 (зима)
elapsed time: 25 seconds (0d 0h 0m 25s)

